#NUM_REPS: 30 COOLDOWN_TIME: 25s
#Kernel execution time: 44.55328ms
-6.56201 ms	48.72600 W	54 C	0	25058.47756 ms
8.48411 ms	48.82100 W	54 C	0	25073.52369 ms
23.29103 ms	49.01200 W	54 C	0	25082.00781 ms
38.44794 ms	49.20500 W	54 C	0	25096.81472 ms
53.48294 ms	49.39700 W	54 C	0	25111.97163 ms
-8.89323 ms	48.63100 W	53 C	0	50131.56325 ms
6.15290 ms	48.72600 W	53 C	0	50146.60938 ms
21.18788 ms	48.91700 W	53 C	0	50152.76227 ms
36.12790 ms	49.11000 W	53 C	0	50167.79726 ms
51.19189 ms	49.30100 W	53 C	0	50182.73727 ms
2.58341 ms	48.53400 W	53 C	0	75209.56407 ms
17.62954 ms	48.72600 W	53 C	0	75224.61020 ms
32.72671 ms	49.01400 W	53 C	0	75242.23974 ms
47.77370 ms	49.30100 W	53 C	0	75257.33691 ms
-0.01931 ms	48.53400 W	53 C	0	100287.02309 ms
15.02682 ms	48.72600 W	53 C	0	100302.06922 ms
29.99358 ms	48.91700 W	53 C	0	100317.09603 ms
45.02656 ms	49.20500 W	53 C	0	100332.06279 ms
-2.54490 ms	48.53400 W	53 C	0	125349.08820 ms
12.50122 ms	48.72600 W	53 C	0	125364.13432 ms
27.55202 ms	48.91700 W	53 C	0	125376.63555 ms
42.58602 ms	49.11000 W	53 C	0	125391.68634 ms
57.75499 ms	49.20500 W	53 C	0	125406.72034 ms
3.77698 ms	48.53400 W	53 C	0	150425.03412 ms
18.82311 ms	48.72600 W	53 C	0	150440.08024 ms
33.81380 ms	48.91700 W	53 C	0	150458.90335 ms
49.08387 ms	49.20500 W	53 C	0	150473.89405 ms
-1.11116 ms	48.53400 W	52 C	0	175502.07444 ms
13.93497 ms	48.72600 W	52 C	0	175517.12056 ms
29.07624 ms	48.91700 W	53 C	0	175531.05553 ms
44.02343 ms	49.11000 W	53 C	0	175546.19680 ms
540.77967 ms	49.01300 W	53 C	0	175561.14399 ms
9.60315 ms	48.53400 W	52 C	0	201067.84595 ms
24.64928 ms	48.82200 W	52 C	0	201082.89208 ms
39.72466 ms	49.11000 W	53 C	0	201107.54136 ms
535.43096 ms	49.01300 W	53 C	0	201122.61674 ms
10.33197 ms	48.53400 W	52 C	0	226628.22974 ms
25.37810 ms	48.72600 W	52 C	0	226643.27587 ms
40.51091 ms	49.11000 W	53 C	0	226668.65397 ms
522.08832 ms	49.01300 W	52 C	0	226683.78678 ms
9.92010 ms	48.53400 W	52 C	0	252166.57239 ms
24.96623 ms	48.72600 W	52 C	0	252181.61852 ms
40.16678 ms	49.11000 W	52 C	0	252206.58475 ms
491.40593 ms	48.91700 W	52 C	0	252221.78530 ms
7.17703 ms	48.53400 W	52 C	0	277675.29500 ms
22.22315 ms	48.72600 W	52 C	0	277690.34112 ms
37.13626 ms	49.01400 W	52 C	0	277712.56428 ms
52.21494 ms	49.11000 W	52 C	0	277727.47738 ms
3.31449 ms	48.53400 W	52 C	0	302754.14898 ms
18.36062 ms	48.72600 W	52 C	0	302769.19510 ms
33.58382 ms	48.91700 W	52 C	0	302787.55572 ms
48.58963 ms	49.11000 W	52 C	0	302802.77892 ms
1.39869 ms	48.53400 W	52 C	0	327818.96569 ms
16.44482 ms	48.72600 W	52 C	0	327834.01182 ms
31.38162 ms	48.91700 W	52 C	0	327850.45664 ms
46.55468 ms	49.11000 W	52 C	0	327865.39344 ms
10.74286 ms	48.53400 W	52 C	0	352884.92302 ms
25.78899 ms	48.72600 W	52 C	0	352899.96915 ms
40.73223 ms	49.11000 W	52 C	0	352925.75814 ms
402.06793 ms	49.01400 W	52 C	0	352940.70138 ms
9.15901 ms	48.53400 W	52 C	0	378315.94143 ms
24.20514 ms	48.72600 W	52 C	0	378330.98756 ms
39.21449 ms	49.01400 W	52 C	0	378355.19270 ms
54.28279 ms	49.11000 W	52 C	0	378370.20205 ms
4.36608 ms	48.53400 W	52 C	0	403397.01883 ms
19.41221 ms	48.72600 W	52 C	0	403412.06495 ms
34.48911 ms	48.91700 W	52 C	0	403431.47716 ms
49.48516 ms	49.11000 W	52 C	0	403446.55406 ms
3.15555 ms	48.53400 W	52 C	0	428472.83026 ms
18.20168 ms	48.72600 W	52 C	0	428487.87639 ms
33.25562 ms	48.91700 W	52 C	0	428506.07807 ms
48.34922 ms	49.11000 W	52 C	0	428521.13201 ms
7.91477 ms	48.53400 W	52 C	0	453542.24609 ms
22.96090 ms	48.72600 W	52 C	0	453557.29222 ms
37.94313 ms	49.01400 W	52 C	0	453580.25312 ms
53.08411 ms	49.11000 W	52 C	0	453595.23536 ms
11.59461 ms	48.53400 W	52 C	0	478613.82791 ms
26.64074 ms	48.72600 W	52 C	0	478628.87404 ms
41.61621 ms	49.11000 W	52 C	0	478655.51478 ms
358.05102 ms	49.01400 W	52 C	0	478670.49025 ms
12.22940 ms	48.53400 W	52 C	0	503996.64654 ms
27.27553 ms	48.72600 W	52 C	0	504011.69267 ms
42.33040 ms	49.11000 W	52 C	0	504038.96820 ms
358.52498 ms	49.01400 W	52 C	0	504054.02307 ms
-3.61362 ms	48.43900 W	52 C	0	529375.33661 ms
11.43251 ms	48.53400 W	52 C	0	529390.38273 ms
26.44029 ms	48.72600 W	52 C	0	529401.81524 ms
41.42831 ms	49.11000 W	52 C	0	529416.82302 ms
312.10522 ms	49.01400 W	52 C	0	529431.81104 ms
-5.97398 ms	48.43900 W	52 C	0	554712.72322 ms
9.07214 ms	48.53400 W	52 C	0	554727.76934 ms
23.98815 ms	48.72600 W	52 C	0	554736.84149 ms
39.15580 ms	49.01400 W	52 C	0	554751.75749 ms
54.31249 ms	49.11000 W	52 C	0	554766.92514 ms
8.06857 ms	48.53400 W	52 C	0	579791.10254 ms
23.11470 ms	48.72600 W	52 C	0	579806.14866 ms
38.11647 ms	49.01400 W	52 C	0	579829.26336 ms
53.20788 ms	49.11000 W	52 C	0	579844.26513 ms
2.68012 ms	48.53400 W	52 C	0	604871.26678 ms
17.72624 ms	48.72600 W	52 C	0	604886.31291 ms
32.70196 ms	48.82200 W	52 C	0	604904.03915 ms
47.78514 ms	49.11000 W	52 C	0	604919.01487 ms
-8.70701 ms	48.43900 W	52 C	0	629939.75007 ms
6.33912 ms	48.53400 W	52 C	0	629954.79620 ms
21.39472 ms	48.72600 W	52 C	0	629961.13532 ms
36.45265 ms	49.01400 W	52 C	0	629976.19092 ms
51.41866 ms	49.11000 W	52 C	0	629991.24885 ms
10.27543 ms	48.53400 W	52 C	0	655009.81972 ms
25.32156 ms	48.72600 W	52 C	0	655024.86585 ms
40.55919 ms	49.01400 W	52 C	0	655050.18740 ms
55.50008 ms	49.11000 W	52 C	0	655065.42503 ms
-7.40231 ms	48.43900 W	52 C	0	680088.44578 ms
7.64382 ms	48.53400 W	52 C	0	680103.49191 ms
22.64656 ms	48.72600 W	52 C	0	680111.13573 ms
37.76768 ms	49.01400 W	52 C	0	680126.13847 ms
52.75892 ms	49.11000 W	52 C	0	680141.25959 ms
-0.30184 ms	48.43900 W	52 C	0	705164.41895 ms
14.74429 ms	48.63100 W	52 C	0	705179.46508 ms
30.04584 ms	48.72600 W	52 C	0	705194.20936 ms
44.97388 ms	49.11000 W	52 C	0	705209.51092 ms
-5.60415 ms	48.43900 W	52 C	0	730233.27865 ms
9.44198 ms	48.53400 W	52 C	0	730248.32478 ms
24.44393 ms	48.72600 W	52 C	0	730257.76676 ms
39.64292 ms	49.01400 W	52 C	0	730272.76871 ms
54.52166 ms	49.11000 W	52 C	0	730287.96770 ms
4.69432 ms	48.53400 W	52 C	0	755305.31861 ms
19.74045 ms	48.72600 W	52 C	0	755320.36473 ms
34.72676 ms	48.91700 W	52 C	0	755340.10518 ms
50.12072 ms	49.11000 W	52 C	0	755355.09150 ms
# end time: 755626.06174
Tile Size 512 
Block Size 64 
Number of calls to type1 kernel 10 
Number of calls to type2 kernel 10 
Number of calls to type3 kernel 40 
Number of calls to type4 kernel 39 
Total Kernel calls 99
Values of S and T are 10240 and 20480 
GPU time 44.653126 ms 
GFLOPS is 28.179241 
